<?xml version="1.0" encoding="UTF-8"?>
<!-- Generated by org.testng.reporters.JUnitReportReporter -->
<testsuite hostname="LP-BCT-0X112018" failures="0" tests="1" name="Day7.FakerDataGenerator" time="0.435" errors="0" timestamp="2023-10-18T19:47:45 IST" skipped="0">
  <testcase classname="Day7.FakerDataGenerator" name="testGeneratorDummyData" time="0.435"/>
</testsuite> <!-- Day7.FakerDataGenerator -->
