<?xml version="1.0" encoding="UTF-8"?>
<!-- Generated by org.testng.reporters.JUnitReportReporter -->
<testsuite hostname="LP-BCT-0X112018" failures="0" tests="4" name="Day1.HTTPRequests" time="4.795" errors="0" timestamp="2023-09-26T10:19:31 IST" skipped="0">
  <testcase classname="Day1.HTTPRequests" name="getUser" time="3.220"/>
  <testcase classname="Day1.HTTPRequests" name="createUser" time="0.894"/>
  <testcase classname="Day1.HTTPRequests" name="updateUser" time="0.531"/>
  <testcase classname="Day1.HTTPRequests" name="deleteUser" time="0.150"/>
</testsuite> <!-- Day1.HTTPRequests -->
